<?xml version="1.0" encoding="UTF-8"?>
<testng-results ignored="0" total="1" passed="1" failed="0" skipped="0">
  <reporter-output>
  </reporter-output>
  <suite started-at="2024-02-10T09:43:13 IST" name="Default suite" finished-at="2024-02-10T09:43:34 IST" duration-ms="21449">
    <groups>
    </groups>
    <test started-at="2024-02-10T09:43:13 IST" name="Default test" finished-at="2024-02-10T09:43:34 IST" duration-ms="21449">
      <class name="com.Varthana.Flipkart.mainTestt">
        <test-method signature="buyPhone()[pri:0, instance:com.Varthana.Flipkart.mainTestt@4686afc2]" started-at="2024-02-10T09:43:13 IST" name="buyPhone" finished-at="2024-02-10T09:43:34 IST" duration-ms="21360" status="PASS">
          <reporter-output>
          </reporter-output>
        </test-method> <!-- buyPhone -->
      </class> <!-- com.Varthana.Flipkart.mainTestt -->
    </test> <!-- Default test -->
  </suite> <!-- Default suite -->
</testng-results>
